-------------------------------------------------------------------------------
Test set: ma.learn.quiz.QuizApplicationTests
-------------------------------------------------------------------------------
Tests run: 1, Failures: 0, Errors: 1, Skipped: 0, Time elapsed: 9.538 s <<< FAILURE! - in ma.learn.quiz.QuizApplicationTests
contextLoads  Time elapsed: 0.004 s  <<< ERROR!
java.lang.IllegalStateException: Failed to load ApplicationContext
Caused by: org.springframework.beans.factory.UnsatisfiedDependencyException: Error creating bean with name 'springSecurityConfig': Unsatisfied dependency expressed through field 'userService'; nested exception is org.springframework.beans.factory.UnsatisfiedDependencyException: Error creating bean with name 'userServiceImpl': Unsatisfied dependency expressed through field 'authenticationManager'; nested exception is org.springframework.beans.factory.BeanCreationException: Error creating bean with name 'authenticationManager' defined in class path resource [ma/learn/quiz/config/SpringSecurityConfig.class]: Bean instantiation via factory method failed; nested exception is org.springframework.beans.BeanInstantiationException: Failed to instantiate [org.springframework.security.authentication.AuthenticationManager]: Circular reference involving containing bean 'springSecurityConfig' - consider declaring the factory method as static for independence from its containing instance. Factory method 'authenticationManager' threw exception; nested exception is java.lang.RuntimeException: Could not postProcess org.springframework.security.authentication.dao.DaoAuthenticationProvider@753248f8 of type class org.springframework.security.authentication.dao.DaoAuthenticationProvider
Caused by: org.springframework.beans.factory.UnsatisfiedDependencyException: Error creating bean with name 'userServiceImpl': Unsatisfied dependency expressed through field 'authenticationManager'; nested exception is org.springframework.beans.factory.BeanCreationException: Error creating bean with name 'authenticationManager' defined in class path resource [ma/learn/quiz/config/SpringSecurityConfig.class]: Bean instantiation via factory method failed; nested exception is org.springframework.beans.BeanInstantiationException: Failed to instantiate [org.springframework.security.authentication.AuthenticationManager]: Circular reference involving containing bean 'springSecurityConfig' - consider declaring the factory method as static for independence from its containing instance. Factory method 'authenticationManager' threw exception; nested exception is java.lang.RuntimeException: Could not postProcess org.springframework.security.authentication.dao.DaoAuthenticationProvider@753248f8 of type class org.springframework.security.authentication.dao.DaoAuthenticationProvider
Caused by: org.springframework.beans.factory.BeanCreationException: Error creating bean with name 'authenticationManager' defined in class path resource [ma/learn/quiz/config/SpringSecurityConfig.class]: Bean instantiation via factory method failed; nested exception is org.springframework.beans.BeanInstantiationException: Failed to instantiate [org.springframework.security.authentication.AuthenticationManager]: Circular reference involving containing bean 'springSecurityConfig' - consider declaring the factory method as static for independence from its containing instance. Factory method 'authenticationManager' threw exception; nested exception is java.lang.RuntimeException: Could not postProcess org.springframework.security.authentication.dao.DaoAuthenticationProvider@753248f8 of type class org.springframework.security.authentication.dao.DaoAuthenticationProvider
Caused by: org.springframework.beans.BeanInstantiationException: Failed to instantiate [org.springframework.security.authentication.AuthenticationManager]: Circular reference involving containing bean 'springSecurityConfig' - consider declaring the factory method as static for independence from its containing instance. Factory method 'authenticationManager' threw exception; nested exception is java.lang.RuntimeException: Could not postProcess org.springframework.security.authentication.dao.DaoAuthenticationProvider@753248f8 of type class org.springframework.security.authentication.dao.DaoAuthenticationProvider
Caused by: java.lang.RuntimeException: Could not postProcess org.springframework.security.authentication.dao.DaoAuthenticationProvider@753248f8 of type class org.springframework.security.authentication.dao.DaoAuthenticationProvider
Caused by: org.springframework.beans.factory.BeanCreationException: Error creating bean with name 'org.springframework.security.authentication.dao.DaoAuthenticationProvider@753248f8': Invocation of init method failed; nested exception is java.lang.IllegalArgumentException: A UserDetailsService must be set
Caused by: java.lang.IllegalArgumentException: A UserDetailsService must be set

